<?xml version="1.0" encoding="UTF-8"?>
<coverage generated="1611182162708" clover="3.2.0">
  <project timestamp="1611182162708" name="All files">
    <metrics statements="43" coveredstatements="38" conditionals="0" coveredconditionals="0" methods="20" coveredmethods="17" elements="63" coveredelements="55" complexity="0" loc="43" ncloc="43" packages="2" files="2" classes="2"/>
    <package name="server">
      <metrics statements="27" coveredstatements="25" conditionals="0" coveredconditionals="0" methods="10" coveredmethods="8"/>
      <file name="index.js" path="/Users/sabateklu/DEN09/sabateklu-service/server/index.js">
        <metrics statements="27" coveredstatements="25" conditionals="0" coveredconditionals="0" methods="10" coveredmethods="8"/>
        <line num="1" count="1" type="stmt"/>
        <line num="2" count="1" type="stmt"/>
        <line num="3" count="1" type="stmt"/>
        <line num="4" count="1" type="stmt"/>
        <line num="6" count="1" type="stmt"/>
        <line num="7" count="1" type="stmt"/>
        <line num="9" count="1" type="stmt"/>
        <line num="10" count="1" type="stmt"/>
        <line num="12" count="1" type="stmt"/>
        <line num="14" count="1" type="stmt"/>
        <line num="15" count="1" type="stmt"/>
        <line num="17" count="1" type="stmt"/>
        <line num="20" count="0" type="stmt"/>
        <line num="24" count="1" type="stmt"/>
        <line num="25" count="2" type="stmt"/>
        <line num="26" count="2" type="stmt"/>
        <line num="28" count="1" type="stmt"/>
        <line num="31" count="1" type="stmt"/>
        <line num="35" count="1" type="stmt"/>
        <line num="36" count="1" type="stmt"/>
        <line num="37" count="1" type="stmt"/>
        <line num="38" count="1" type="stmt"/>
        <line num="40" count="1" type="stmt"/>
        <line num="43" count="0" type="stmt"/>
        <line num="47" count="1" type="stmt"/>
        <line num="49" count="1" type="stmt"/>
        <line num="52" count="1" type="stmt"/>
      </file>
    </package>
    <package name="src">
      <metrics statements="16" coveredstatements="13" conditionals="0" coveredconditionals="0" methods="10" coveredmethods="9"/>
      <file name="App.js" path="/Users/sabateklu/DEN09/sabateklu-service/src/App.js">
        <metrics statements="16" coveredstatements="13" conditionals="0" coveredconditionals="0" methods="10" coveredmethods="9"/>
        <line num="9" count="1" type="stmt"/>
        <line num="10" count="1" type="stmt"/>
        <line num="13" count="1" type="stmt"/>
        <line num="17" count="2" type="stmt"/>
        <line num="19" count="2" type="stmt"/>
        <line num="20" count="0" type="stmt"/>
        <line num="24" count="2" type="stmt"/>
        <line num="28" count="1" type="stmt"/>
        <line num="30" count="1" type="stmt"/>
        <line num="32" count="1" type="stmt"/>
        <line num="33" count="0" type="stmt"/>
        <line num="37" count="1" type="stmt"/>
        <line num="39" count="0" type="stmt"/>
        <line num="43" count="1" type="stmt"/>
        <line num="44" count="1" type="stmt"/>
        <line num="77" count="1" type="stmt"/>
      </file>
    </package>
  </project>
</coverage>
