<?xml version="1.0" encoding="UTF-8"?>
<coverage generated="1611199924238" clover="3.2.0">
  <project timestamp="1611199924238" name="All files">
    <metrics statements="22" coveredstatements="22" conditionals="6" coveredconditionals="4" methods="5" coveredmethods="5" elements="33" coveredelements="31" complexity="0" loc="22" ncloc="22" packages="1" files="1" classes="1"/>
    <file name="Adventure.js" path="/Users/sabateklu/DEN09/sabateklu-service/src/components/Adventure.js">
      <metrics statements="22" coveredstatements="22" conditionals="6" coveredconditionals="4" methods="5" coveredmethods="5"/>
      <line num="16" count="3" type="stmt"/>
      <line num="82" count="1" type="stmt"/>
      <line num="84" count="1" type="stmt"/>
      <line num="85" count="1" type="stmt"/>
      <line num="86" count="1" type="stmt"/>
      <line num="87" count="1" type="stmt"/>
      <line num="88" count="1" type="stmt"/>
      <line num="89" count="1" type="stmt"/>
      <line num="90" count="1" type="stmt"/>
      <line num="92" count="1" type="stmt"/>
      <line num="94" count="1" type="cond" truecount="1" falsecount="1"/>
      <line num="95" count="1" type="stmt"/>
      <line num="97" count="1" type="stmt"/>
      <line num="98" count="3" type="stmt"/>
      <line num="99" count="3" type="cond" truecount="2" falsecount="0"/>
      <line num="100" count="2" type="stmt"/>
      <line num="101" count="2" type="stmt"/>
      <line num="103" count="1" type="stmt"/>
      <line num="104" count="1" type="stmt"/>
      <line num="108" count="1" type="stmt"/>
      <line num="133" count="10" type="stmt"/>
      <line num="157" count="3" type="stmt"/>
    </file>
  </project>
</coverage>
