{"/Users/sabateklu/DEN09/sabateklu-service/src/components/AdventuresList.js": {"path":"/Users/sabateklu/DEN09/sabateklu-service/src/components/AdventuresList.js","statementMap":{"0":{"start":{"line":10,"column":2},"end":{"line":24,"column":4}},"1":{"start":{"line":15,"column":12},"end":{"line":19,"column":19}},"2":{"start":{"line":27,"column":0},"end":{"line":45,"column":2}}},"fnMap":{"0":{"name":"AdventuresList","decl":{"start":{"line":9,"column":9},"end":{"line":9,"column":23}},"loc":{"start":{"line":9,"column":53},"end":{"line":25,"column":1}},"line":9},"1":{"name":"(anonymous_1)","decl":{"start":{"line":14,"column":25},"end":{"line":14,"column":26}},"loc":{"start":{"line":15,"column":12},"end":{"line":19,"column":19}},"line":15}},"branchMap":{},"s":{"0":1,"1":1,"2":1},"f":{"0":1,"1":1},"b":{},"_coverageSchema":"1a1c01bbd47fc00a2c39e90264f33305004495a9","hash":"a1937c46150602c310f036b2b1af7967228ea5dd"}
}
