TN:
SF:database/index.js
FNF:0
FNH:0
DA:1,1
DA:3,1
DA:5,1
DA:9,1
DA:19,1
DA:21,1
LF:6
LH:6
BRF:0
BRH:0
end_of_record
TN:
SF:server/index.js
FN:14,(anonymous_0)
FN:16,(anonymous_1)
FN:19,(anonymous_2)
FN:24,(anonymous_3)
FN:27,(anonymous_4)
FN:30,(anonymous_5)
FN:35,(anonymous_6)
FN:39,(anonymous_7)
FN:42,(anonymous_8)
FN:47,(anonymous_9)
FNF:10
FNH:7
FNDA:1,(anonymous_0)
FNDA:1,(anonymous_1)
FNDA:0,(anonymous_2)
FNDA:2,(anonymous_3)
FNDA:1,(anonymous_4)
FNDA:1,(anonymous_5)
FNDA:1,(anonymous_6)
FNDA:1,(anonymous_7)
FNDA:0,(anonymous_8)
FNDA:0,(anonymous_9)
DA:1,1
DA:2,1
DA:3,1
DA:4,1
DA:6,1
DA:7,1
DA:9,1
DA:10,1
DA:12,1
DA:14,1
DA:15,1
DA:17,1
DA:20,0
DA:24,1
DA:25,2
DA:26,2
DA:28,1
DA:31,1
DA:35,1
DA:36,1
DA:37,1
DA:38,1
DA:40,1
DA:43,0
DA:47,1
DA:49,0
DA:52,1
LF:27
LH:24
BRF:0
BRH:0
end_of_record
TN:
SF:src/App.js
FN:8,(anonymous_0)
FN:16,(anonymous_1)
FN:18,(anonymous_2)
FN:24,(anonymous_3)
FN:27,(anonymous_4)
FN:29,(anonymous_5)
FN:31,(anonymous_6)
FN:37,(anonymous_7)
FN:39,(anonymous_8)
FN:42,(anonymous_9)
FNF:10
FNH:9
FNDA:1,(anonymous_0)
FNDA:2,(anonymous_1)
FNDA:2,(anonymous_2)
FNDA:2,(anonymous_3)
FNDA:1,(anonymous_4)
FNDA:1,(anonymous_5)
FNDA:1,(anonymous_6)
FNDA:1,(anonymous_7)
FNDA:0,(anonymous_8)
FNDA:1,(anonymous_9)
DA:9,1
DA:10,1
DA:13,1
DA:17,2
DA:19,2
DA:20,0
DA:24,2
DA:28,1
DA:30,1
DA:32,1
DA:33,0
DA:37,1
DA:39,0
DA:43,1
DA:44,1
DA:77,1
LF:16
LH:13
BRF:0
BRH:0
end_of_record
TN:
SF:src/components/Adventure.js
FN:16,(anonymous_0)
FN:81,Adventure
FN:92,(anonymous_2)
FN:97,(anonymous_3)
FN:133,(anonymous_4)
FNF:5
FNH:5
FNDA:1,(anonymous_0)
FNDA:1,Adventure
FNDA:1,(anonymous_2)
FNDA:3,(anonymous_3)
FNDA:10,(anonymous_4)
DA:16,3
DA:82,1
DA:84,1
DA:85,1
DA:86,1
DA:87,1
DA:88,1
DA:89,1
DA:90,1
DA:92,1
DA:94,1
DA:95,1
DA:97,1
DA:98,3
DA:99,3
DA:100,2
DA:101,2
DA:103,1
DA:104,1
DA:108,1
DA:133,10
DA:157,3
LF:22
LH:22
BRDA:94,0,0,1
BRDA:94,0,1,0
BRDA:99,1,0,2
BRDA:99,1,1,1
BRDA:149,2,0,0
BRDA:149,2,1,1
BRF:6
BRH:4
end_of_record
TN:
SF:src/components/AdventuresList.js
FN:9,AdventuresList
FN:14,(anonymous_1)
FNF:2
FNH:2
FNDA:1,AdventuresList
FNDA:1,(anonymous_1)
DA:10,1
DA:15,1
DA:27,2
LF:3
LH:3
BRF:0
BRH:0
end_of_record
